<?xml version="1.0" encoding="UTF-8"?>
<testsuite xmlns:xsi="http://www.w3.org/2001/XMLSchema-instance" xsi:noNamespaceSchemaLocation="https://maven.apache.org/surefire/maven-surefire-plugin/xsd/surefire-test-report-3.0.xsd" version="3.0" name="runner.TestRunners" time="98.018" tests="27" errors="0" skipped="0" failures="0">
  <properties>
[...]
</properties>
  <testcase name="View cart after adding item" classname="Shopping cart functionality for Sauce Demo application" time="4.98">
    <system-out><![CDATA[
Scenario: View cart after adding item                                                          # src/test/resources/features/Cart.feature:9
Setting up WebDriver before scenario
  âœ” Given I am on the Sauce Demo login page                                                    # steps.LoginStep.iAmOnTheSauceDemoLoginPage()
  âœ” When I enter valid "standard_user" and "secret_sauce"                                      # steps.LoginStep.iEnterValidAnd(java.lang.String,java.lang.String)
  âœ” And I click the login button                                                               # steps.LoginStep.iClickTheLoginButton()
  âœ” Then I should be redirected to the product page "https://www.saucedemo.com/inventory.html" # steps.LoginStep.iShouldBeRedirectedToTheProductPage(java.lang.String)
  âœ” When I add product at index 0 to cart                                                      # steps.ProductStep.iAddProductAtIndexToCart(int)
  âœ” And I click on the shopping cart                                                           # steps.ProductStep.iClickOnTheShoppingCart()
  âœ” Then I should be on the cart page                                                          # steps.CartStep.iShouldBeOnTheCartPage()
  âœ” And the cart should contain 1 items                                                        # steps.CartStep.theCartShouldContainItems(int)
Scenario: View cart after adding item => PASSED
]]></system-out>
    <system-err><![CDATA[Jun 10, 2026 3:46:44 PM org.openqa.selenium.devtools.CdpVersionFinder findNearestMatch
WARNING: Unable to find CDP implementation matching 148
Jun 10, 2026 3:46:44 PM org.openqa.selenium.chromium.ChromiumDriver lambda$new$4
WARNING: Unable to find version of CDP to use for 148.0.7778.179. You may need to include a dependency on a specific version of the CDP using something similar to `org.seleniumhq.selenium:selenium-devtools-v86:4.39.0` where the version ("v86") matches the version of the chromium-based browser you're using and the version number of the artifact is the same as Selenium's.
]]></system-err>
  </testcase>
  <testcase name="Remove item from cart" classname="Shopping cart functionality for Sauce Demo application" time="3.98">
    <system-out><![CDATA[
Scenario: Remove item from cart                                                                # src/test/resources/features/Cart.feature:15
Setting up WebDriver before scenario
  âœ” Given I am on the Sauce Demo login page                                                    # steps.LoginStep.iAmOnTheSauceDemoLoginPage()
  âœ” When I enter valid "standard_user" and "secret_sauce"                                      # steps.LoginStep.iEnterValidAnd(java.lang.String,java.lang.String)
  âœ” And I click the login button                                                               # steps.LoginStep.iClickTheLoginButton()
  âœ” Then I should be redirected to the product page "https://www.saucedemo.com/inventory.html" # steps.LoginStep.iShouldBeRedirectedToTheProductPage(java.lang.String)
  âœ” When I add product at index 0 to cart                                                      # steps.ProductStep.iAddProductAtIndexToCart(int)
  âœ” And I click on the shopping cart                                                           # steps.ProductStep.iClickOnTheShoppingCart()
  âœ” And I remove item at index 0 from cart                                                     # steps.CartStep.iRemoveItemAtIndexFromCart(int)
  âœ” Then the cart should be empty                                                              # steps.CartStep.theCartShouldBeEmpty()
Scenario: Remove item from cart => PASSED
]]></system-out>
    <system-err><![CDATA[Jun 10, 2026 3:46:47 PM org.openqa.selenium.devtools.CdpVersionFinder findNearestMatch
WARNING: Unable to find CDP implementation matching 148
Jun 10, 2026 3:46:47 PM org.openqa.selenium.chromium.ChromiumDriver lambda$new$4
WARNING: Unable to find version of CDP to use for 148.0.7778.179. You may need to include a dependency on a specific version of the CDP using something similar to `org.seleniumhq.selenium:selenium-devtools-v86:4.39.0` where the version ("v86") matches the version of the chromium-based browser you're using and the version number of the artifact is the same as Selenium's.
]]></system-err>
  </testcase>
  <testcase name="Continue shopping from cart page" classname="Shopping cart functionality for Sauce Demo application" time="3.115">
    <system-out><![CDATA[
Scenario: Continue shopping from cart page                                                     # src/test/resources/features/Cart.feature:21
Setting up WebDriver before scenario
  âœ” Given I am on the Sauce Demo login page                                                    # steps.LoginStep.iAmOnTheSauceDemoLoginPage()
  âœ” When I enter valid "standard_user" and "secret_sauce"                                      # steps.LoginStep.iEnterValidAnd(java.lang.String,java.lang.String)
  âœ” And I click the login button                                                               # steps.LoginStep.iClickTheLoginButton()
  âœ” Then I should be redirected to the product page "https://www.saucedemo.com/inventory.html" # steps.LoginStep.iShouldBeRedirectedToTheProductPage(java.lang.String)
  âœ” When I add product at index 0 to cart                                                      # steps.ProductStep.iAddProductAtIndexToCart(int)
  âœ” And I click on the shopping cart                                                           # steps.ProductStep.iClickOnTheShoppingCart()
  âœ” And I click continue shopping                                                              # steps.CartStep.iClickContinueShopping()
  âœ” Then I should be on the product page                                                       # steps.ProductStep.iShouldBeOnTheProductPage()
Scenario: Continue shopping from cart page => PASSED
]]></system-out>
    <system-err><![CDATA[Jun 10, 2026 3:46:51 PM org.openqa.selenium.devtools.CdpVersionFinder findNearestMatch
WARNING: Unable to find CDP implementation matching 148
Jun 10, 2026 3:46:51 PM org.openqa.selenium.chromium.ChromiumDriver lambda$new$4
WARNING: Unable to find version of CDP to use for 148.0.7778.179. You may need to include a dependency on a specific version of the CDP using something similar to `org.seleniumhq.selenium:selenium-devtools-v86:4.39.0` where the version ("v86") matches the version of the chromium-based browser you're using and the version number of the artifact is the same as Selenium's.
]]></system-err>
  </testcase>
  <testcase name="Cart persists multiple items" classname="Shopping cart functionality for Sauce Demo application" time="3.299">
    <system-out><![CDATA[
Scenario: Cart persists multiple items                                                         # src/test/resources/features/Cart.feature:27
Setting up WebDriver before scenario
  âœ” Given I am on the Sauce Demo login page                                                    # steps.LoginStep.iAmOnTheSauceDemoLoginPage()
  âœ” When I enter valid "standard_user" and "secret_sauce"                                      # steps.LoginStep.iEnterValidAnd(java.lang.String,java.lang.String)
  âœ” And I click the login button                                                               # steps.LoginStep.iClickTheLoginButton()
  âœ” Then I should be redirected to the product page "https://www.saucedemo.com/inventory.html" # steps.LoginStep.iShouldBeRedirectedToTheProductPage(java.lang.String)
  âœ” When I add product at index 0 to cart                                                      # steps.ProductStep.iAddProductAtIndexToCart(int)
  âœ” And I add product at index 1 to cart                                                       # steps.ProductStep.iAddProductAtIndexToCart(int)
  âœ” And I click on the shopping cart                                                           # steps.ProductStep.iClickOnTheShoppingCart()
  âœ” Then the cart should contain 2 items                                                       # steps.CartStep.theCartShouldContainItems(int)
Scenario: Cart persists multiple items => PASSED
]]></system-out>
    <system-err><![CDATA[Jun 10, 2026 3:46:54 PM org.openqa.selenium.devtools.CdpVersionFinder findNearestMatch
WARNING: Unable to find CDP implementation matching 148
Jun 10, 2026 3:46:54 PM org.openqa.selenium.chromium.ChromiumDriver lambda$new$4
WARNING: Unable to find version of CDP to use for 148.0.7778.179. You may need to include a dependency on a specific version of the CDP using something similar to `org.seleniumhq.selenium:selenium-devtools-v86:4.39.0` where the version ("v86") matches the version of the chromium-based browser you're using and the version number of the artifact is the same as Selenium's.
]]></system-err>
  </testcase>
  <testcase name="Successful login with valid credentials" classname="Login functionality for Sauce Demo application" time="2.885">
    <system-out><![CDATA[
Scenario: Successful login with valid credentials                                              # src/test/resources/features/Login.feature:3
Setting up WebDriver before scenario
  âœ” Given I am on the Sauce Demo login page                                                    # steps.LoginStep.iAmOnTheSauceDemoLoginPage()
  âœ” When I enter valid "standard_user" and "secret_sauce"                                      # steps.LoginStep.iEnterValidAnd(java.lang.String,java.lang.String)
  âœ” And I click the login button                                                               # steps.LoginStep.iClickTheLoginButton()
  âœ” Then I should be redirected to the product page "https://www.saucedemo.com/inventory.html" # steps.LoginStep.iShouldBeRedirectedToTheProductPage(java.lang.String)
Scenario: Successful login with valid credentials => PASSED
]]></system-out>
    <system-err><![CDATA[Jun 10, 2026 3:46:57 PM org.openqa.selenium.devtools.CdpVersionFinder findNearestMatch
WARNING: Unable to find CDP implementation matching 148
Jun 10, 2026 3:46:57 PM org.openqa.selenium.chromium.ChromiumDriver lambda$new$4
WARNING: Unable to find version of CDP to use for 148.0.7778.179. You may need to include a dependency on a specific version of the CDP using something similar to `org.seleniumhq.selenium:selenium-devtools-v86:4.39.0` where the version ("v86") matches the version of the chromium-based browser you're using and the version number of the artifact is the same as Selenium's.
]]></system-err>
  </testcase>
  <testcase name="Failed login with invalid username" classname="Login functionality for Sauce Demo application" time="3.208">
    <system-out><![CDATA[
Scenario: Failed login with invalid username                                                                       # src/test/resources/features/Login.feature:9
Setting up WebDriver before scenario
  âœ” Given I am on the Sauce Demo login page                                                                        # steps.LoginStep.iAmOnTheSauceDemoLoginPage()
  âœ” When I enter valid "user_salah" and "secret_sauce"                                                             # steps.LoginStep.iEnterValidAnd(java.lang.String,java.lang.String)
  âœ” And I click the login button                                                                                   # steps.LoginStep.iClickTheLoginButton()
  âœ” Then I should see an error message "Epic sadface: Username and password do not match any user in this service" # steps.LoginStep.iShouldSeeAnErrorMessage(java.lang.String)
  âœ” And I should still be on the login page                                                                        # steps.LoginStep.iShouldStillBeOnTheLoginPage()
Scenario: Failed login with invalid username => PASSED
]]></system-out>
    <system-err><![CDATA[Jun 10, 2026 3:47:01 PM org.openqa.selenium.devtools.CdpVersionFinder findNearestMatch
WARNING: Unable to find CDP implementation matching 148
Jun 10, 2026 3:47:01 PM org.openqa.selenium.chromium.ChromiumDriver lambda$new$4
WARNING: Unable to find version of CDP to use for 148.0.7778.179. You may need to include a dependency on a specific version of the CDP using something similar to `org.seleniumhq.selenium:selenium-devtools-v86:4.39.0` where the version ("v86") matches the version of the chromium-based browser you're using and the version number of the artifact is the same as Selenium's.
]]></system-err>
  </testcase>
  <testcase name="Failed login with invalid password" classname="Login functionality for Sauce Demo application" time="3.341">
    <system-out><![CDATA[
Scenario: Failed login with invalid password                                                                       # src/test/resources/features/Login.feature:16
Setting up WebDriver before scenario
  âœ” Given I am on the Sauce Demo login page                                                                        # steps.LoginStep.iAmOnTheSauceDemoLoginPage()
  âœ” When I enter valid "standard_user" and "secret_salah"                                                          # steps.LoginStep.iEnterValidAnd(java.lang.String,java.lang.String)
  âœ” And I click the login button                                                                                   # steps.LoginStep.iClickTheLoginButton()
  âœ” Then I should see an error message "Epic sadface: Username and password do not match any user in this service" # steps.LoginStep.iShouldSeeAnErrorMessage(java.lang.String)
  âœ” And I should still be on the login page                                                                        # steps.LoginStep.iShouldStillBeOnTheLoginPage()
Scenario: Failed login with invalid password => PASSED
]]></system-out>
    <system-err><![CDATA[Jun 10, 2026 3:47:04 PM org.openqa.selenium.devtools.CdpVersionFinder findNearestMatch
WARNING: Unable to find CDP implementation matching 148
Jun 10, 2026 3:47:04 PM org.openqa.selenium.chromium.ChromiumDriver lambda$new$4
WARNING: Unable to find version of CDP to use for 148.0.7778.179. You may need to include a dependency on a specific version of the CDP using something similar to `org.seleniumhq.selenium:selenium-devtools-v86:4.39.0` where the version ("v86") matches the version of the chromium-based browser you're using and the version number of the artifact is the same as Selenium's.
]]></system-err>
  </testcase>
  <testcase name="Failed login with empty credentials" classname="Login functionality for Sauce Demo application" time="3.119">
    <system-out><![CDATA[
Scenario: Failed login with empty credentials                               # src/test/resources/features/Login.feature:23
Setting up WebDriver before scenario
  âœ” Given I am on the Sauce Demo login page                                 # steps.LoginStep.iAmOnTheSauceDemoLoginPage()
  âœ” When I enter valid "" and ""                                            # steps.LoginStep.iEnterValidAnd(java.lang.String,java.lang.String)
  âœ” And I click the login button                                            # steps.LoginStep.iClickTheLoginButton()
  âœ” Then I should see an error message "Epic sadface: Username is required" # steps.LoginStep.iShouldSeeAnErrorMessage(java.lang.String)
Scenario: Failed login with empty credentials => PASSED
]]></system-out>
    <system-err><![CDATA[Jun 10, 2026 3:47:07 PM org.openqa.selenium.devtools.CdpVersionFinder findNearestMatch
WARNING: Unable to find CDP implementation matching 148
Jun 10, 2026 3:47:07 PM org.openqa.selenium.chromium.ChromiumDriver lambda$new$4
WARNING: Unable to find version of CDP to use for 148.0.7778.179. You may need to include a dependency on a specific version of the CDP using something similar to `org.seleniumhq.selenium:selenium-devtools-v86:4.39.0` where the version ("v86") matches the version of the chromium-based browser you're using and the version number of the artifact is the same as Selenium's.
]]></system-err>
  </testcase>
  <testcase name="Failed login with empty username" classname="Login functionality for Sauce Demo application" time="3.298">
    <system-out><![CDATA[
Scenario: Failed login with empty username                                  # src/test/resources/features/Login.feature:29
Setting up WebDriver before scenario
  âœ” Given I am on the Sauce Demo login page                                 # steps.LoginStep.iAmOnTheSauceDemoLoginPage()
  âœ” When I enter valid "" and "secret_sauce"                                # steps.LoginStep.iEnterValidAnd(java.lang.String,java.lang.String)
  âœ” And I click the login button                                            # steps.LoginStep.iClickTheLoginButton()
  âœ” Then I should see an error message "Epic sadface: Username is required" # steps.LoginStep.iShouldSeeAnErrorMessage(java.lang.String)
Scenario: Failed login with empty username => PASSED
]]></system-out>
    <system-err><![CDATA[Jun 10, 2026 3:47:10 PM org.openqa.selenium.devtools.CdpVersionFinder findNearestMatch
WARNING: Unable to find CDP implementation matching 148
Jun 10, 2026 3:47:10 PM org.openqa.selenium.chromium.ChromiumDriver lambda$new$4
WARNING: Unable to find version of CDP to use for 148.0.7778.179. You may need to include a dependency on a specific version of the CDP using something similar to `org.seleniumhq.selenium:selenium-devtools-v86:4.39.0` where the version ("v86") matches the version of the chromium-based browser you're using and the version number of the artifact is the same as Selenium's.
]]></system-err>
  </testcase>
  <testcase name="Failed login with empty password" classname="Login functionality for Sauce Demo application" time="3.446">
    <system-out><![CDATA[
Scenario: Failed login with empty password                                  # src/test/resources/features/Login.feature:35
Setting up WebDriver before scenario
  âœ” Given I am on the Sauce Demo login page                                 # steps.LoginStep.iAmOnTheSauceDemoLoginPage()
  âœ” When I enter valid "standard_user" and ""                               # steps.LoginStep.iEnterValidAnd(java.lang.String,java.lang.String)
  âœ” And I click the login button                                            # steps.LoginStep.iClickTheLoginButton()
  âœ” Then I should see an error message "Epic sadface: Password is required" # steps.LoginStep.iShouldSeeAnErrorMessage(java.lang.String)
Scenario: Failed login with empty password => PASSED
]]></system-out>
    <system-err><![CDATA[Jun 10, 2026 3:47:14 PM org.openqa.selenium.devtools.CdpVersionFinder findNearestMatch
WARNING: Unable to find CDP implementation matching 148
Jun 10, 2026 3:47:14 PM org.openqa.selenium.chromium.ChromiumDriver lambda$new$4
WARNING: Unable to find version of CDP to use for 148.0.7778.179. You may need to include a dependency on a specific version of the CDP using something similar to `org.seleniumhq.selenium:selenium-devtools-v86:4.39.0` where the version ("v86") matches the version of the chromium-based browser you're using and the version number of the artifact is the same as Selenium's.
]]></system-err>
  </testcase>
  <testcase name="Login with locked out user" classname="Login functionality for Sauce Demo application" time="3.307">
    <system-out><![CDATA[
Scenario: Login with locked out user                                                         # src/test/resources/features/Login.feature:41
Setting up WebDriver before scenario
  âœ” Given I am on the Sauce Demo login page                                                  # steps.LoginStep.iAmOnTheSauceDemoLoginPage()
  âœ” When I enter valid "locked_out_user" and "secret_sauce"                                  # steps.LoginStep.iEnterValidAnd(java.lang.String,java.lang.String)
  âœ” And I click the login button                                                             # steps.LoginStep.iClickTheLoginButton()
  âœ” Then I should see an error message "Epic sadface: Sorry, this user has been locked out." # steps.LoginStep.iShouldSeeAnErrorMessage(java.lang.String)
  âœ” And I should still be on the login page                                                  # steps.LoginStep.iShouldStillBeOnTheLoginPage()
Scenario: Login with locked out user => PASSED
]]></system-out>
    <system-err><![CDATA[Jun 10, 2026 3:47:17 PM org.openqa.selenium.devtools.CdpVersionFinder findNearestMatch
WARNING: Unable to find CDP implementation matching 148
Jun 10, 2026 3:47:17 PM org.openqa.selenium.chromium.ChromiumDriver lambda$new$4
WARNING: Unable to find version of CDP to use for 148.0.7778.179. You may need to include a dependency on a specific version of the CDP using something similar to `org.seleniumhq.selenium:selenium-devtools-v86:4.39.0` where the version ("v86") matches the version of the chromium-based browser you're using and the version number of the artifact is the same as Selenium's.
]]></system-err>
  </testcase>
  <testcase name="Login validation with multiple data sets #1" classname="Login functionality for Sauce Demo application" time="3.244">
    <system-out><![CDATA[
Scenario Outline: Login validation with multiple data sets                                                         # src/test/resources/features/Login.feature:56
Setting up WebDriver before scenario
  âœ” Given I am on the Sauce Demo login page                                                                        # steps.LoginStep.iAmOnTheSauceDemoLoginPage()
  âœ” When I enter valid "user_salah" and "secret_sauce"                                                             # steps.LoginStep.iEnterValidAnd(java.lang.String,java.lang.String)
  âœ” And I click the login button                                                                                   # steps.LoginStep.iClickTheLoginButton()
  âœ” Then I should see an error message "Epic sadface: Username and password do not match any user in this service" # steps.LoginStep.iShouldSeeAnErrorMessage(java.lang.String)
Scenario: Login validation with multiple data sets => PASSED
]]></system-out>
    <system-err><![CDATA[Jun 10, 2026 3:47:20 PM org.openqa.selenium.devtools.CdpVersionFinder findNearestMatch
WARNING: Unable to find CDP implementation matching 148
Jun 10, 2026 3:47:20 PM org.openqa.selenium.chromium.ChromiumDriver lambda$new$4
WARNING: Unable to find version of CDP to use for 148.0.7778.179. You may need to include a dependency on a specific version of the CDP using something similar to `org.seleniumhq.selenium:selenium-devtools-v86:4.39.0` where the version ("v86") matches the version of the chromium-based browser you're using and the version number of the artifact is the same as Selenium's.
]]></system-err>
  </testcase>
  <testcase name="Login validation with multiple data sets #2" classname="Login functionality for Sauce Demo application" time="3.348">
    <system-out><![CDATA[
Scenario Outline: Login validation with multiple data sets                                                         # src/test/resources/features/Login.feature:57
Setting up WebDriver before scenario
  âœ” Given I am on the Sauce Demo login page                                                                        # steps.LoginStep.iAmOnTheSauceDemoLoginPage()
  âœ” When I enter valid "standard_user" and "secret_salah"                                                          # steps.LoginStep.iEnterValidAnd(java.lang.String,java.lang.String)
  âœ” And I click the login button                                                                                   # steps.LoginStep.iClickTheLoginButton()
  âœ” Then I should see an error message "Epic sadface: Username and password do not match any user in this service" # steps.LoginStep.iShouldSeeAnErrorMessage(java.lang.String)
Scenario: Login validation with multiple data sets => PASSED
]]></system-out>
    <system-err><![CDATA[Jun 10, 2026 3:47:24 PM org.openqa.selenium.devtools.CdpVersionFinder findNearestMatch
WARNING: Unable to find CDP implementation matching 148
Jun 10, 2026 3:47:24 PM org.openqa.selenium.chromium.ChromiumDriver lambda$new$4
WARNING: Unable to find version of CDP to use for 148.0.7778.179. You may need to include a dependency on a specific version of the CDP using something similar to `org.seleniumhq.selenium:selenium-devtools-v86:4.39.0` where the version ("v86") matches the version of the chromium-based browser you're using and the version number of the artifact is the same as Selenium's.
]]></system-err>
  </testcase>
  <testcase name="Login validation with multiple data sets #3" classname="Login functionality for Sauce Demo application" time="3.158">
    <system-out><![CDATA[
Scenario Outline: Login validation with multiple data sets                  # src/test/resources/features/Login.feature:58
Setting up WebDriver before scenario
  âœ” Given I am on the Sauce Demo login page                                 # steps.LoginStep.iAmOnTheSauceDemoLoginPage()
  âœ” When I enter valid "" and ""                                            # steps.LoginStep.iEnterValidAnd(java.lang.String,java.lang.String)
  âœ” And I click the login button                                            # steps.LoginStep.iClickTheLoginButton()
  âœ” Then I should see an error message "Epic sadface: Username is required" # steps.LoginStep.iShouldSeeAnErrorMessage(java.lang.String)
Scenario: Login validation with multiple data sets => PASSED
]]></system-out>
    <system-err><![CDATA[Jun 10, 2026 3:47:27 PM org.openqa.selenium.devtools.CdpVersionFinder findNearestMatch
WARNING: Unable to find CDP implementation matching 148
Jun 10, 2026 3:47:27 PM org.openqa.selenium.chromium.ChromiumDriver lambda$new$4
WARNING: Unable to find version of CDP to use for 148.0.7778.179. You may need to include a dependency on a specific version of the CDP using something similar to `org.seleniumhq.selenium:selenium-devtools-v86:4.39.0` where the version ("v86") matches the version of the chromium-based browser you're using and the version number of the artifact is the same as Selenium's.
]]></system-err>
  </testcase>
  <testcase name="Login validation with multiple data sets #4" classname="Login functionality for Sauce Demo application" time="3.612">
    <system-out><![CDATA[
Scenario Outline: Login validation with multiple data sets                  # src/test/resources/features/Login.feature:59
Setting up WebDriver before scenario
  âœ” Given I am on the Sauce Demo login page                                 # steps.LoginStep.iAmOnTheSauceDemoLoginPage()
  âœ” When I enter valid "" and "secret_sauce"                                # steps.LoginStep.iEnterValidAnd(java.lang.String,java.lang.String)
  âœ” And I click the login button                                            # steps.LoginStep.iClickTheLoginButton()
  âœ” Then I should see an error message "Epic sadface: Username is required" # steps.LoginStep.iShouldSeeAnErrorMessage(java.lang.String)
Scenario: Login validation with multiple data sets => PASSED
]]></system-out>
    <system-err><![CDATA[Jun 10, 2026 3:47:30 PM org.openqa.selenium.devtools.CdpVersionFinder findNearestMatch
WARNING: Unable to find CDP implementation matching 148
Jun 10, 2026 3:47:30 PM org.openqa.selenium.chromium.ChromiumDriver lambda$new$4
WARNING: Unable to find version of CDP to use for 148.0.7778.179. You may need to include a dependency on a specific version of the CDP using something similar to `org.seleniumhq.selenium:selenium-devtools-v86:4.39.0` where the version ("v86") matches the version of the chromium-based browser you're using and the version number of the artifact is the same as Selenium's.
]]></system-err>
  </testcase>
  <testcase name="Login validation with multiple data sets #5" classname="Login functionality for Sauce Demo application" time="3.517">
    <system-out><![CDATA[
Scenario Outline: Login validation with multiple data sets                  # src/test/resources/features/Login.feature:60
Setting up WebDriver before scenario
  âœ” Given I am on the Sauce Demo login page                                 # steps.LoginStep.iAmOnTheSauceDemoLoginPage()
  âœ” When I enter valid "standard_user" and ""                               # steps.LoginStep.iEnterValidAnd(java.lang.String,java.lang.String)
  âœ” And I click the login button                                            # steps.LoginStep.iClickTheLoginButton()
  âœ” Then I should see an error message "Epic sadface: Password is required" # steps.LoginStep.iShouldSeeAnErrorMessage(java.lang.String)
Scenario: Login validation with multiple data sets => PASSED
]]></system-out>
    <system-err><![CDATA[Jun 10, 2026 3:47:34 PM org.openqa.selenium.devtools.CdpVersionFinder findNearestMatch
WARNING: Unable to find CDP implementation matching 148
Jun 10, 2026 3:47:34 PM org.openqa.selenium.chromium.ChromiumDriver lambda$new$4
WARNING: Unable to find version of CDP to use for 148.0.7778.179. You may need to include a dependency on a specific version of the CDP using something similar to `org.seleniumhq.selenium:selenium-devtools-v86:4.39.0` where the version ("v86") matches the version of the chromium-based browser you're using and the version number of the artifact is the same as Selenium's.
]]></system-err>
  </testcase>
  <testcase name="Verify product page title after successful login" classname="Product page functionality for Sauce Demo application" time="3.723">
    <system-out><![CDATA[
Scenario: Verify product page title after successful login                                     # src/test/resources/features/Product.feature:9
Setting up WebDriver before scenario
  âœ” Given I am on the Sauce Demo login page                                                    # steps.LoginStep.iAmOnTheSauceDemoLoginPage()
  âœ” When I enter valid "standard_user" and "secret_sauce"                                      # steps.LoginStep.iEnterValidAnd(java.lang.String,java.lang.String)
  âœ” And I click the login button                                                               # steps.LoginStep.iClickTheLoginButton()
  âœ” Then I should be redirected to the product page "https://www.saucedemo.com/inventory.html" # steps.LoginStep.iShouldBeRedirectedToTheProductPage(java.lang.String)
  âœ” Then I should see the product page title "Products"                                        # steps.ProductStep.iShouldSeeTheProductPageTitle(java.lang.String)
Scenario: Verify product page title after successful login => PASSED
]]></system-out>
    <system-err><![CDATA[Jun 10, 2026 3:47:38 PM org.openqa.selenium.devtools.CdpVersionFinder findNearestMatch
WARNING: Unable to find CDP implementation matching 148
Jun 10, 2026 3:47:38 PM org.openqa.selenium.chromium.ChromiumDriver lambda$new$4
WARNING: Unable to find version of CDP to use for 148.0.7778.179. You may need to include a dependency on a specific version of the CDP using something similar to `org.seleniumhq.selenium:selenium-devtools-v86:4.39.0` where the version ("v86") matches the version of the chromium-based browser you're using and the version number of the artifact is the same as Selenium's.
]]></system-err>
  </testcase>
  <testcase name="Verify product items are displayed" classname="Product page functionality for Sauce Demo application" time="3.561">
    <system-out><![CDATA[
Scenario: Verify product items are displayed                                                   # src/test/resources/features/Product.feature:12
Setting up WebDriver before scenario
  âœ” Given I am on the Sauce Demo login page                                                    # steps.LoginStep.iAmOnTheSauceDemoLoginPage()
  âœ” When I enter valid "standard_user" and "secret_sauce"                                      # steps.LoginStep.iEnterValidAnd(java.lang.String,java.lang.String)
  âœ” And I click the login button                                                               # steps.LoginStep.iClickTheLoginButton()
  âœ” Then I should be redirected to the product page "https://www.saucedemo.com/inventory.html" # steps.LoginStep.iShouldBeRedirectedToTheProductPage(java.lang.String)
  âœ” Then I should see the product items listed                                                 # steps.ProductStep.iShouldSeeTheProductItemsListed()
Scenario: Verify product items are displayed => PASSED
]]></system-out>
    <system-err><![CDATA[Jun 10, 2026 3:47:41 PM org.openqa.selenium.devtools.CdpVersionFinder findNearestMatch
WARNING: Unable to find CDP implementation matching 148
Jun 10, 2026 3:47:41 PM org.openqa.selenium.chromium.ChromiumDriver lambda$new$4
WARNING: Unable to find version of CDP to use for 148.0.7778.179. You may need to include a dependency on a specific version of the CDP using something similar to `org.seleniumhq.selenium:selenium-devtools-v86:4.39.0` where the version ("v86") matches the version of the chromium-based browser you're using and the version number of the artifact is the same as Selenium's.
]]></system-err>
  </testcase>
  <testcase name="Verify total number of products" classname="Product page functionality for Sauce Demo application" time="3.348">
    <system-out><![CDATA[
Scenario: Verify total number of products                                                      # src/test/resources/features/Product.feature:15
Setting up WebDriver before scenario
  âœ” Given I am on the Sauce Demo login page                                                    # steps.LoginStep.iAmOnTheSauceDemoLoginPage()
  âœ” When I enter valid "standard_user" and "secret_sauce"                                      # steps.LoginStep.iEnterValidAnd(java.lang.String,java.lang.String)
  âœ” And I click the login button                                                               # steps.LoginStep.iClickTheLoginButton()
  âœ” Then I should be redirected to the product page "https://www.saucedemo.com/inventory.html" # steps.LoginStep.iShouldBeRedirectedToTheProductPage(java.lang.String)
  âœ” Then I should see 6 products on the page                                                   # steps.ProductStep.iShouldSeeProductsOnThePage(int)
Scenario: Verify total number of products => PASSED
]]></system-out>
    <system-err><![CDATA[Jun 10, 2026 3:47:45 PM org.openqa.selenium.devtools.CdpVersionFinder findNearestMatch
WARNING: Unable to find CDP implementation matching 148
Jun 10, 2026 3:47:45 PM org.openqa.selenium.chromium.ChromiumDriver lambda$new$4
WARNING: Unable to find version of CDP to use for 148.0.7778.179. You may need to include a dependency on a specific version of the CDP using something similar to `org.seleniumhq.selenium:selenium-devtools-v86:4.39.0` where the version ("v86") matches the version of the chromium-based browser you're using and the version number of the artifact is the same as Selenium's.
]]></system-err>
  </testcase>
  <testcase name="Sort products by Name A to Z" classname="Product page functionality for Sauce Demo application" time="4.662">
    <system-out><![CDATA[
Scenario: Sort products by Name A to Z                                                         # src/test/resources/features/Product.feature:18
Setting up WebDriver before scenario
  âœ” Given I am on the Sauce Demo login page                                                    # steps.LoginStep.iAmOnTheSauceDemoLoginPage()
  âœ” When I enter valid "standard_user" and "secret_sauce"                                      # steps.LoginStep.iEnterValidAnd(java.lang.String,java.lang.String)
  âœ” And I click the login button                                                               # steps.LoginStep.iClickTheLoginButton()
  âœ” Then I should be redirected to the product page "https://www.saucedemo.com/inventory.html" # steps.LoginStep.iShouldBeRedirectedToTheProductPage(java.lang.String)
  âœ” When I sort products by "Name (A to Z)"                                                    # steps.ProductStep.iSortProductsBy(java.lang.String)
  âœ” Then products should be sorted by name ascending                                           # steps.ProductStep.productsShouldBeSortedByNameAscending()
Scenario: Sort products by Name A to Z => PASSED
]]></system-out>
    <system-err><![CDATA[Jun 10, 2026 3:47:48 PM org.openqa.selenium.devtools.CdpVersionFinder findNearestMatch
WARNING: Unable to find CDP implementation matching 148
Jun 10, 2026 3:47:48 PM org.openqa.selenium.chromium.ChromiumDriver lambda$new$4
WARNING: Unable to find version of CDP to use for 148.0.7778.179. You may need to include a dependency on a specific version of the CDP using something similar to `org.seleniumhq.selenium:selenium-devtools-v86:4.39.0` where the version ("v86") matches the version of the chromium-based browser you're using and the version number of the artifact is the same as Selenium's.
]]></system-err>
  </testcase>
  <testcase name="Sort products by Name Z to A" classname="Product page functionality for Sauce Demo application" time="3.945">
    <system-out><![CDATA[
Scenario: Sort products by Name Z to A                                                         # src/test/resources/features/Product.feature:22
Setting up WebDriver before scenario
  âœ” Given I am on the Sauce Demo login page                                                    # steps.LoginStep.iAmOnTheSauceDemoLoginPage()
  âœ” When I enter valid "standard_user" and "secret_sauce"                                      # steps.LoginStep.iEnterValidAnd(java.lang.String,java.lang.String)
  âœ” And I click the login button                                                               # steps.LoginStep.iClickTheLoginButton()
  âœ” Then I should be redirected to the product page "https://www.saucedemo.com/inventory.html" # steps.LoginStep.iShouldBeRedirectedToTheProductPage(java.lang.String)
  âœ” When I sort products by "Name (Z to A)"                                                    # steps.ProductStep.iSortProductsBy(java.lang.String)
  âœ” Then products should be sorted by name descending                                          # steps.ProductStep.productsShouldBeSortedByNameDescending()
Scenario: Sort products by Name Z to A => PASSED
]]></system-out>
    <system-err><![CDATA[Jun 10, 2026 3:47:53 PM org.openqa.selenium.devtools.CdpVersionFinder findNearestMatch
WARNING: Unable to find CDP implementation matching 148
Jun 10, 2026 3:47:53 PM org.openqa.selenium.chromium.ChromiumDriver lambda$new$4
WARNING: Unable to find version of CDP to use for 148.0.7778.179. You may need to include a dependency on a specific version of the CDP using something similar to `org.seleniumhq.selenium:selenium-devtools-v86:4.39.0` where the version ("v86") matches the version of the chromium-based browser you're using and the version number of the artifact is the same as Selenium's.
]]></system-err>
  </testcase>
  <testcase name="Sort products by price low to high" classname="Product page functionality for Sauce Demo application" time="3.819">
    <system-out><![CDATA[
Scenario: Sort products by price low to high                                                   # src/test/resources/features/Product.feature:26
Setting up WebDriver before scenario
  âœ” Given I am on the Sauce Demo login page                                                    # steps.LoginStep.iAmOnTheSauceDemoLoginPage()
  âœ” When I enter valid "standard_user" and "secret_sauce"                                      # steps.LoginStep.iEnterValidAnd(java.lang.String,java.lang.String)
  âœ” And I click the login button                                                               # steps.LoginStep.iClickTheLoginButton()
  âœ” Then I should be redirected to the product page "https://www.saucedemo.com/inventory.html" # steps.LoginStep.iShouldBeRedirectedToTheProductPage(java.lang.String)
  âœ” When I sort products by "Price (low to high)"                                              # steps.ProductStep.iSortProductsBy(java.lang.String)
  âœ” Then products should be sorted by price low to high                                        # steps.ProductStep.productsShouldBeSortedByPriceLowToHigh()
Scenario: Sort products by price low to high => PASSED
]]></system-out>
    <system-err><![CDATA[Jun 10, 2026 3:47:57 PM org.openqa.selenium.devtools.CdpVersionFinder findNearestMatch
WARNING: Unable to find CDP implementation matching 148
Jun 10, 2026 3:47:57 PM org.openqa.selenium.chromium.ChromiumDriver lambda$new$4
WARNING: Unable to find version of CDP to use for 148.0.7778.179. You may need to include a dependency on a specific version of the CDP using something similar to `org.seleniumhq.selenium:selenium-devtools-v86:4.39.0` where the version ("v86") matches the version of the chromium-based browser you're using and the version number of the artifact is the same as Selenium's.
]]></system-err>
  </testcase>
  <testcase name="Sort products by price high to low" classname="Product page functionality for Sauce Demo application" time="4.381">
    <system-out><![CDATA[
Scenario: Sort products by price high to low                                                   # src/test/resources/features/Product.feature:30
Setting up WebDriver before scenario
  âœ” Given I am on the Sauce Demo login page                                                    # steps.LoginStep.iAmOnTheSauceDemoLoginPage()
  âœ” When I enter valid "standard_user" and "secret_sauce"                                      # steps.LoginStep.iEnterValidAnd(java.lang.String,java.lang.String)
  âœ” And I click the login button                                                               # steps.LoginStep.iClickTheLoginButton()
  âœ” Then I should be redirected to the product page "https://www.saucedemo.com/inventory.html" # steps.LoginStep.iShouldBeRedirectedToTheProductPage(java.lang.String)
  âœ” When I sort products by "Price (high to low)"                                              # steps.ProductStep.iSortProductsBy(java.lang.String)
  âœ” Then products should be sorted by price high to low                                        # steps.ProductStep.productsShouldBeSortedByPriceHighToLow()
Scenario: Sort products by price high to low => PASSED
]]></system-out>
    <system-err><![CDATA[Jun 10, 2026 3:48:01 PM org.openqa.selenium.devtools.CdpVersionFinder findNearestMatch
WARNING: Unable to find CDP implementation matching 148
Jun 10, 2026 3:48:01 PM org.openqa.selenium.chromium.ChromiumDriver lambda$new$4
WARNING: Unable to find version of CDP to use for 148.0.7778.179. You may need to include a dependency on a specific version of the CDP using something similar to `org.seleniumhq.selenium:selenium-devtools-v86:4.39.0` where the version ("v86") matches the version of the chromium-based browser you're using and the version number of the artifact is the same as Selenium's.
]]></system-err>
  </testcase>
  <testcase name="Add single item to cart" classname="Product page functionality for Sauce Demo application" time="3.574">
    <system-out><![CDATA[
Scenario: Add single item to cart                                                              # src/test/resources/features/Product.feature:34
Setting up WebDriver before scenario
  âœ” Given I am on the Sauce Demo login page                                                    # steps.LoginStep.iAmOnTheSauceDemoLoginPage()
  âœ” When I enter valid "standard_user" and "secret_sauce"                                      # steps.LoginStep.iEnterValidAnd(java.lang.String,java.lang.String)
  âœ” And I click the login button                                                               # steps.LoginStep.iClickTheLoginButton()
  âœ” Then I should be redirected to the product page "https://www.saucedemo.com/inventory.html" # steps.LoginStep.iShouldBeRedirectedToTheProductPage(java.lang.String)
  âœ” When I add product at index 0 to cart                                                      # steps.ProductStep.iAddProductAtIndexToCart(int)
  âœ” Then the cart badge should show 1                                                          # steps.ProductStep.theCartBadgeShouldShow(int)
Scenario: Add single item to cart => PASSED
]]></system-out>
    <system-err><![CDATA[Jun 10, 2026 3:48:05 PM org.openqa.selenium.devtools.CdpVersionFinder findNearestMatch
WARNING: Unable to find CDP implementation matching 148
Jun 10, 2026 3:48:05 PM org.openqa.selenium.chromium.ChromiumDriver lambda$new$4
WARNING: Unable to find version of CDP to use for 148.0.7778.179. You may need to include a dependency on a specific version of the CDP using something similar to `org.seleniumhq.selenium:selenium-devtools-v86:4.39.0` where the version ("v86") matches the version of the chromium-based browser you're using and the version number of the artifact is the same as Selenium's.
]]></system-err>
  </testcase>
  <testcase name="Add multiple items to cart" classname="Product page functionality for Sauce Demo application" time="3.943">
    <system-out><![CDATA[
Scenario: Add multiple items to cart                                                           # src/test/resources/features/Product.feature:38
Setting up WebDriver before scenario
  âœ” Given I am on the Sauce Demo login page                                                    # steps.LoginStep.iAmOnTheSauceDemoLoginPage()
  âœ” When I enter valid "standard_user" and "secret_sauce"                                      # steps.LoginStep.iEnterValidAnd(java.lang.String,java.lang.String)
  âœ” And I click the login button                                                               # steps.LoginStep.iClickTheLoginButton()
  âœ” Then I should be redirected to the product page "https://www.saucedemo.com/inventory.html" # steps.LoginStep.iShouldBeRedirectedToTheProductPage(java.lang.String)
  âœ” When I add product at index 0 to cart                                                      # steps.ProductStep.iAddProductAtIndexToCart(int)
  âœ” And I add product at index 1 to cart                                                       # steps.ProductStep.iAddProductAtIndexToCart(int)
  âœ” And I add product at index 2 to cart                                                       # steps.ProductStep.iAddProductAtIndexToCart(int)
  âœ” Then the cart badge should show 3                                                          # steps.ProductStep.theCartBadgeShouldShow(int)
Scenario: Add multiple items to cart => PASSED
]]></system-out>
    <system-err><![CDATA[Jun 10, 2026 3:48:08 PM org.openqa.selenium.devtools.CdpVersionFinder findNearestMatch
WARNING: Unable to find CDP implementation matching 148
Jun 10, 2026 3:48:08 PM org.openqa.selenium.chromium.ChromiumDriver lambda$new$4
WARNING: Unable to find version of CDP to use for 148.0.7778.179. You may need to include a dependency on a specific version of the CDP using something similar to `org.seleniumhq.selenium:selenium-devtools-v86:4.39.0` where the version ("v86") matches the version of the chromium-based browser you're using and the version number of the artifact is the same as Selenium's.
]]></system-err>
  </testcase>
  <testcase name="Navigate to shopping cart" classname="Product page functionality for Sauce Demo application" time="3.285">
    <system-out><![CDATA[
Scenario: Navigate to shopping cart                                                            # src/test/resources/features/Product.feature:44
Setting up WebDriver before scenario
  âœ” Given I am on the Sauce Demo login page                                                    # steps.LoginStep.iAmOnTheSauceDemoLoginPage()
  âœ” When I enter valid "standard_user" and "secret_sauce"                                      # steps.LoginStep.iEnterValidAnd(java.lang.String,java.lang.String)
  âœ” And I click the login button                                                               # steps.LoginStep.iClickTheLoginButton()
  âœ” Then I should be redirected to the product page "https://www.saucedemo.com/inventory.html" # steps.LoginStep.iShouldBeRedirectedToTheProductPage(java.lang.String)
  âœ” When I add product at index 0 to cart                                                      # steps.ProductStep.iAddProductAtIndexToCart(int)
  âœ” And I click on the shopping cart                                                           # steps.ProductStep.iClickOnTheShoppingCart()
  âœ” Then I should be on the cart page                                                          # steps.CartStep.iShouldBeOnTheCartPage()
  âœ” And the cart should contain 1 items                                                        # steps.CartStep.theCartShouldContainItems(int)
Scenario: Navigate to shopping cart => PASSED
]]></system-out>
    <system-err><![CDATA[Jun 10, 2026 3:48:12 PM org.openqa.selenium.devtools.CdpVersionFinder findNearestMatch
WARNING: Unable to find CDP implementation matching 148
Jun 10, 2026 3:48:12 PM org.openqa.selenium.chromium.ChromiumDriver lambda$new$4
WARNING: Unable to find version of CDP to use for 148.0.7778.179. You may need to include a dependency on a specific version of the CDP using something similar to `org.seleniumhq.selenium:selenium-devtools-v86:4.39.0` where the version ("v86") matches the version of the chromium-based browser you're using and the version number of the artifact is the same as Selenium's.
]]></system-err>
  </testcase>
  <testcase name="Logout from product page" classname="Product page functionality for Sauce Demo application" time="4.044">
    <system-out><![CDATA[
Scenario: Logout from product page                                                             # src/test/resources/features/Product.feature:50
Setting up WebDriver before scenario
  âœ” Given I am on the Sauce Demo login page                                                    # steps.LoginStep.iAmOnTheSauceDemoLoginPage()
  âœ” When I enter valid "standard_user" and "secret_sauce"                                      # steps.LoginStep.iEnterValidAnd(java.lang.String,java.lang.String)
  âœ” And I click the login button                                                               # steps.LoginStep.iClickTheLoginButton()
  âœ” Then I should be redirected to the product page "https://www.saucedemo.com/inventory.html" # steps.LoginStep.iShouldBeRedirectedToTheProductPage(java.lang.String)
  âœ” When I logout from the application                                                         # steps.ProductStep.iLogoutFromTheApplication()
  âœ” Then I should still be on the login page                                                   # steps.LoginStep.iShouldStillBeOnTheLoginPage()
Scenario: Logout from product page => PASSED
]]></system-out>
    <system-err><![CDATA[Jun 10, 2026 3:48:16 PM org.openqa.selenium.devtools.CdpVersionFinder findNearestMatch
WARNING: Unable to find CDP implementation matching 148
Jun 10, 2026 3:48:16 PM org.openqa.selenium.chromium.ChromiumDriver lambda$new$4
WARNING: Unable to find version of CDP to use for 148.0.7778.179. You may need to include a dependency on a specific version of the CDP using something similar to `org.seleniumhq.selenium:selenium-devtools-v86:4.39.0` where the version ("v86") matches the version of the chromium-based browser you're using and the version number of the artifact is the same as Selenium's.
]]></system-err>
  </testcase>
</testsuite>